1551863414596:login UnderDodge 231andry
1551864873679:login Bogdan 1235325325
1551865839617:login UnderDodge 12345
1551865874417:login UnderDodge 12343252352
1551865884805:login Andrew 12345
1551866034191:login UnderDodge 12345
1551866383034:login Unffs dsgsdg
1551866391862:exit
1552504845562:login UnderDodge 12345
1552504996582:login InfoPulse 111222
1552505025816:login IndoPulse password
1552505038582:login InfoPulse password
1552766111611:login UnderDodge 12345
1552766317238:login UnderDodge 12415t43w
1552766320875:exit
1552936466639:create Quest123 000999
1552936483011:login UnderDodge 231231
1552936515033:login UnderDodge 12345
1552936527814:exit
1552936647374:login UnderDodge 12345
1552936970568:create Guest111 111
1552937421165:create Guest111 111222
1552937576945:create Guest 111222
1552939793471:create Admin catsarecool
1552939815944:login Admin catsarecool
1552942103777:create Cat1 lovecats
1552942110251:login Cat1 lovecats
1552942237863:exit
